2025-07-15 20:00:34.322 [info] Extension host with pid 342644 started
2025-07-15 20:00:34.348 [info] ExtensionService#_doActivateExtension vscode.github-authentication, startup: false, activationEvent: 'onAuthenticationRequest:github'
2025-07-15 20:00:34.539 [info] ExtensionService#_doActivateExtension vscode.git-base, startup: true, activationEvent: '*', root cause: vscode.git
2025-07-15 20:00:34.581 [info] ExtensionService#_doActivateExtension vscode.git, startup: true, activationEvent: '*'
2025-07-15 20:00:34.638 [info] ExtensionService#_doActivateExtension vscode.github, startup: true, activationEvent: '*'
2025-07-15 20:00:34.917 [info] Eager extensions activated
2025-07-15 20:00:34.934 [info] ExtensionService#_doActivateExtension vscode.debug-auto-launch, startup: false, activationEvent: 'onStartupFinished'
2025-07-15 20:00:34.938 [info] ExtensionService#_doActivateExtension vscode.merge-conflict, startup: false, activationEvent: 'onStartupFinished'
2025-07-15 20:01:08.948 [info] Extension host terminating: renderer closed the MessagePort
2025-07-15 20:01:08.984 [info] Extension host with pid 342644 exiting with code 0
2025-07-15 20:01:10.313 [info] Extension host with pid 343257 started
2025-07-15 20:01:10.313 [info] Skipping acquiring lock for /home/AMBHI/.config/Code/User/workspaceStorage/5a84a370e9fdb7cadaba5a4ad3e3f87a.
2025-07-15 20:01:10.337 [info] ExtensionService#_doActivateExtension vscode.github-authentication, startup: false, activationEvent: 'onAuthenticationRequest:github'
2025-07-15 20:01:10.384 [info] ExtensionService#_doActivateExtension vscode.emmet, startup: false, activationEvent: 'onLanguage'
2025-07-15 20:01:10.477 [info] ExtensionService#_doActivateExtension vscode.git-base, startup: true, activationEvent: '*'
2025-07-15 20:01:10.536 [info] ExtensionService#_doActivateExtension vscode.github, startup: true, activationEvent: '*'
2025-07-15 20:01:10.675 [info] Eager extensions activated
2025-07-15 20:01:10.788 [info] ExtensionService#_doActivateExtension vscode.debug-auto-launch, startup: false, activationEvent: 'onStartupFinished'
2025-07-15 20:01:10.794 [info] ExtensionService#_doActivateExtension vscode.merge-conflict, startup: false, activationEvent: 'onStartupFinished'
2025-07-15 20:01:16.233 [info] ExtensionService#_doActivateExtension vscode.git, startup: false, activationEvent: 'api', root cause: vscode.github
2025-07-15 20:11:00.213 [info] Extension host terminating: renderer closed the MessagePort
2025-07-15 20:11:00.231 [info] Extension host with pid 343257 exiting with code 0
